+ git config --global user.name Template Lab Orchestrator
+ git config --global user.email 8123085+betabitplus@users.noreply.github.com
+ git config --global url.https://x-access-token:<redacted>@github.com/.insteadOf https://github.com/
+ git clone --no-tags https://github.com/betabitplus/py-lib-starter.git /tmp/template-lab-d44h2ax3/py-lib-starter
Cloning into '/tmp/template-lab-d44h2ax3/py-lib-starter'...
+ git fetch origin d59582375855cff69fb165e467dc5847bc75ca99
From https://github.com/betabitplus/py-lib-starter
 * branch            d59582375855cff69fb165e467dc5847bc75ca99 -> FETCH_HEAD
+ git checkout --detach d59582375855cff69fb165e467dc5847bc75ca99
HEAD is now at d595823 fix: make fleet doctor resilient to GitHub API failures (#296)
+ git rev-parse HEAD
+ git status --porcelain
+ git clone --recurse-submodules https://github.com/betabitplus-template-lab/components.git /tmp/template-lab-d44h2ax3/components
Cloning into '/tmp/template-lab-d44h2ax3/components'...
+ git clone --recurse-submodules https://github.com/betabitplus-template-lab/python-internal-package.git /tmp/template-lab-d44h2ax3/python-internal-package
Cloning into '/tmp/template-lab-d44h2ax3/python-internal-package'...
+ git clone --recurse-submodules https://github.com/betabitplus-template-lab/python-lib.git /tmp/template-lab-d44h2ax3/python-lib
Cloning into '/tmp/template-lab-d44h2ax3/python-lib'...
Submodule 'template/_components' (https://github.com/betabitplus-template-lab/components.git) registered for path 'template/_components'
Cloning into '/tmp/template-lab-d44h2ax3/python-lib/template/_components'...
Submodule path 'template/_components': checked out '1f233492f3f66fdf17096cdb9462e4d38a04e8fc'
+ git clone --recurse-submodules https://github.com/betabitplus-template-lab/python-starter-platform.git /tmp/template-lab-d44h2ax3/python-starter-platform
Cloning into '/tmp/template-lab-d44h2ax3/python-starter-platform'...
+ git clone --recurse-submodules https://github.com/betabitplus-template-lab/sandbox-python-lib.git /tmp/template-lab-d44h2ax3/sandbox-python-lib
Cloning into '/tmp/template-lab-d44h2ax3/sandbox-python-lib'...
+ git clone --recurse-submodules https://github.com/betabitplus-template-lab/sandbox-python-platform.git /tmp/template-lab-d44h2ax3/sandbox-python-platform
Cloning into '/tmp/template-lab-d44h2ax3/sandbox-python-platform'...
+ git clone --recurse-submodules https://github.com/betabitplus-template-lab/sandbox-workspace.git /tmp/template-lab-d44h2ax3/sandbox-workspace
Cloning into '/tmp/template-lab-d44h2ax3/sandbox-workspace'...
+ git rev-parse HEAD
+ git submodule deinit -f --all
Cleared directory 'template/_components'
Submodule 'template/_components' (https://github.com/betabitplus-template-lab/components.git) unregistered for path 'template/_components'
+ git rm -f --ignore-unmatch template/_components .gitmodules
rm '.gitmodules'
rm 'template/_components'
+ git submodule add -b main https://github.com/betabitplus-template-lab/components.git template/_components
fatal: please make sure that the .gitmodules file is in the working tree
Traceback (most recent call last):
  File "/home/runner/work/lab-control/lab-control/orchestration/pilot_runner.py", line 53, in <module>
    pilot.prepare()
    ~~~~~~~~~~~~~^^
  File "/home/runner/work/lab-control/lab-control/orchestration/pilot.py", line 718, in prepare
    info = build_template(repo, source, components, profile, actual_components_sha)
  File "/home/runner/work/lab-control/lab-control/orchestration/pilot.py", line 431, in build_template
    git(repo, "submodule", "add", "-b", "main", f"https://github.com/{ORG}/components.git", "template/_components")
    ~~~^^^^^^^^^^^^^^^^^^^^^^^^^^^^^^^^^^^^^^^^^^^^^^^^^^^^^^^^^^^^^^^^^^^^^^^^^^^^^^^^^^^^^^^^^^^^^^^^^^^^^^^^^^^^
  File "/home/runner/work/lab-control/lab-control/orchestration/pilot.py", line 200, in git
    return run("git", *args, cwd=repo, capture=capture, check=check)
  File "/home/runner/work/lab-control/lab-control/orchestration/pilot_runner.py", line 24, in safe_run
    return subprocess.run(
           ~~~~~~~~~~~~~~^
        cmd,
        ^^^^
    ...<4 lines>...
        check=check,
        ^^^^^^^^^^^^
    )
    ^
  File "/opt/hostedtoolcache/Python/3.13.14/x64/lib/python3.13/subprocess.py", line 577, in run
    raise CalledProcessError(retcode, process.args,
                             output=stdout, stderr=stderr)
subprocess.CalledProcessError: Command '['git', 'submodule', 'add', '-b', 'main', 'https://github.com/betabitplus-template-lab/components.git', 'template/_components']' returned non-zero exit status 128.
